TN:
SF:app\withNavigationHOC.jsx
FN:4,withNavigationHOC
FN:5,(anonymous_1)
FNF:2
FNH:2
FNDA:1,withNavigationHOC
FNDA:1,(anonymous_1)
DA:5,1
DA:6,1
DA:7,1
DA:8,1
LF:4
LH:4
BRF:0
BRH:0
end_of_record
TN:
SF:app\(stack)navigation\NotificationScreen.jsx
FN:7,(anonymous_0)
FN:30,(anonymous_1)
FN:38,(anonymous_2)
FN:49,(anonymous_3)
FN:50,(anonymous_4)
FNF:5
FNH:5
FNDA:12,(anonymous_0)
FNDA:4,(anonymous_1)
FNDA:1,(anonymous_2)
FNDA:16,(anonymous_3)
FNDA:12,(anonymous_4)
DA:7,1
DA:8,12
DA:20,1
DA:30,1
DA:31,4
DA:33,4
DA:38,1
DA:49,16
DA:50,12
DA:59,1
LF:10
LH:10
BRDA:48,0,0,4
BRDA:48,0,1,0
BRDA:49,1,0,16
BRDA:49,1,1,0
BRF:4
BRH:2
end_of_record
TN:
SF:app\(stack)navigation\SearchScreen.jsx
FN:7,(anonymous_0)
FN:14,(anonymous_1)
FN:18,(anonymous_2)
FN:20,(anonymous_3)
FN:25,(anonymous_4)
FN:39,(anonymous_5)
FN:40,(anonymous_6)
FNF:7
FNH:7
FNDA:5,(anonymous_0)
FNDA:2,(anonymous_1)
FNDA:7,(anonymous_2)
FNDA:21,(anonymous_3)
FNDA:7,(anonymous_4)
FNDA:20,(anonymous_5)
FNDA:15,(anonymous_6)
DA:3,1
DA:8,5
DA:9,5
DA:14,5
DA:15,2
DA:18,5
DA:19,7
DA:20,7
DA:21,21
DA:26,7
DA:28,7
DA:39,20
DA:40,15
DA:53,1
LF:14
LH:14
BRDA:36,0,0,5
BRDA:36,0,1,2
BRF:2
BRH:2
end_of_record
TN:
SF:app\(stack)navigation\_layout.jsx
FN:3,RootLayout
FNF:1
FNH:1
FNDA:1,RootLayout
DA:4,1
LF:1
LH:1
BRF:0
BRH:0
end_of_record
TN:
SF:app\(stack)navigation\(navigation)\Profile.jsx
FN:6,(anonymous_0)
FNF:1
FNH:1
FNDA:2,(anonymous_0)
DA:7,2
DA:16,1
LF:2
LH:2
BRF:0
BRH:0
end_of_record
TN:
SF:app\(stack)navigation\(navigation)\Shorts.jsx
FN:8,(anonymous_0)
FNF:1
FNH:1
FNDA:4,(anonymous_0)
DA:9,4
DA:16,1
LF:2
LH:2
BRF:0
BRH:0
end_of_record
TN:
SF:app\(stack)navigation\(navigation)\Subscription.jsx
FN:7,(anonymous_0)
FNF:1
FNH:1
FNDA:5,(anonymous_0)
DA:8,5
DA:17,1
LF:2
LH:2
BRF:0
BRH:0
end_of_record
TN:
SF:app\(stack)navigation\(navigation)\Upload.jsx
FN:6,(anonymous_0)
FNF:1
FNH:1
FNDA:4,(anonymous_0)
DA:7,4
DA:14,1
LF:2
LH:2
BRF:0
BRH:0
end_of_record
TN:
SF:app\(stack)navigation\(navigation)\index.jsx
FN:9,(anonymous_0)
FN:16,(anonymous_1)
FNF:2
FNH:2
FNDA:5,(anonymous_0)
FNDA:15,(anonymous_1)
DA:10,5
DA:17,15
DA:26,1
LF:3
LH:3
BRF:0
BRH:0
end_of_record
TN:
SF:app\assets\images\yt-logo.png
FNF:0
FNH:0
DA:1,1
LF:1
LH:1
BRF:0
BRH:0
end_of_record
TN:
SF:app\components\Card.jsx
FN:7,(anonymous_0)
FNF:1
FNH:1
FNDA:5,(anonymous_0)
DA:4,1
DA:8,5
DA:9,5
DA:52,1
DA:64,1
LF:5
LH:5
BRF:0
BRH:0
end_of_record
TN:
SF:app\components\Header.jsx
FN:15,(anonymous_0)
FN:19,(anonymous_1)
FN:23,(anonymous_2)
FN:31,(anonymous_3)
FN:76,(anonymous_4)
FNF:5
FNH:3
FNDA:1,(anonymous_0)
FNDA:1,(anonymous_1)
FNDA:10,(anonymous_2)
FNDA:0,(anonymous_3)
FNDA:0,(anonymous_4)
DA:15,10
DA:16,1
DA:19,10
DA:20,1
DA:24,10
DA:25,10
DA:27,10
DA:31,0
DA:62,1
DA:74,1
DA:82,1
LF:11
LH:10
BRDA:29,0,0,0
BRDA:29,0,1,10
BRF:2
BRH:1
end_of_record
TN:
SF:app\components\SubHeader.jsx
FN:5,(anonymous_0)
FN:12,(anonymous_1)
FN:16,(anonymous_2)
FN:33,(anonymous_3)
FN:41,(anonymous_4)
FNF:5
FNH:5
FNDA:3,(anonymous_0)
FNDA:1,(anonymous_1)
FNDA:4,(anonymous_2)
FNDA:36,(anonymous_3)
FNDA:1,(anonymous_4)
DA:6,3
DA:7,3
DA:12,3
DA:13,1
DA:17,4
DA:29,4
DA:34,36
DA:41,1
DA:61,1
LF:9
LH:9
BRDA:39,0,0,36
BRDA:39,0,1,4
BRDA:47,1,0,36
BRDA:47,1,1,4
BRF:4
BRH:4
end_of_record
